[2024-04-06 03:13:45] merlin-logger.DEBUG: The welcome step has been displayed [] []
[2024-04-06 03:13:50] merlin-logger.DEBUG: The license activation step has been displayed [] []
[2024-04-06 03:13:50] merlin-logger.DEBUG: The plugin installation step has been displayed [] []
[2024-04-06 03:13:54] merlin-logger.DEBUG: A plugin with the following data will be processed {"plugin_slug":"hub-core","message":"Installing"} []
[2024-04-06 03:14:17] merlin-logger.DEBUG: A plugin with the following data will be processed {"plugin_slug":"hub-core","message":"Installing"} []
[2024-04-06 03:14:17] merlin-logger.DEBUG: A plugin with the following data will be processed {"plugin_slug":"hub-portfolio","message":"Installing"} []
[2024-04-06 03:14:23] merlin-logger.DEBUG: A plugin with the following data will be processed {"plugin_slug":"hub-portfolio","message":"Installing"} []
[2024-04-06 03:14:24] merlin-logger.DEBUG: A plugin with the following data will be processed {"plugin_slug":"elementor","message":"Installing"} []
[2024-04-06 03:14:42] merlin-logger.DEBUG: A plugin with the following data will be processed {"plugin_slug":"elementor","message":"Activating"} []
[2024-04-06 03:14:42] merlin-logger.DEBUG: A plugin with the following data was processed {"plugin_slug":"elementor"} []
[2024-04-06 03:14:42] merlin-logger.DEBUG: A plugin with the following data will be processed {"plugin_slug":"hub-elementor-addons","message":"Installing"} []
[2024-04-06 03:15:10] merlin-logger.DEBUG: A plugin with the following data will be processed {"plugin_slug":"hub-elementor-addons","message":"Installing"} []
[2024-04-06 03:15:11] merlin-logger.DEBUG: A plugin with the following data will be processed {"plugin_slug":"contact-form-7","message":"Installing"} []
[2024-04-06 03:15:19] merlin-logger.DEBUG: A plugin with the following data will be processed {"plugin_slug":"contact-form-7","message":"Activating"} []
[2024-04-06 03:15:19] merlin-logger.DEBUG: A plugin with the following data was processed {"plugin_slug":"contact-form-7"} []
[2024-04-06 03:15:24] merlin-logger.DEBUG: The content import step has been displayed [] []
[2024-04-06 03:15:40] merlin-logger.DEBUG: The plugin installation step has been displayed [] []
[2024-04-06 03:15:45] merlin-logger.DEBUG: A plugin with the following data will be processed {"plugin_slug":"hub-core","message":"Installing"} []
[2024-04-06 03:16:02] merlin-logger.DEBUG: A plugin with the following data will be processed {"plugin_slug":"hub-core","message":"Installing"} []
[2024-04-06 03:16:02] merlin-logger.DEBUG: A plugin with the following data will be processed {"plugin_slug":"hub-portfolio","message":"Installing"} []
[2024-04-06 03:16:06] merlin-logger.DEBUG: A plugin with the following data will be processed {"plugin_slug":"hub-portfolio","message":"Installing"} []
[2024-04-06 03:16:07] merlin-logger.DEBUG: A plugin with the following data will be processed {"plugin_slug":"hub-elementor-addons","message":"Installing"} []
[2024-04-06 03:16:29] merlin-logger.DEBUG: A plugin with the following data will be processed {"plugin_slug":"hub-elementor-addons","message":"Installing"} []
[2024-04-06 03:16:37] merlin-logger.DEBUG: The content import step has been displayed [] []
[2024-04-06 03:16:48] merlin-logger.DEBUG: The final step has been displayed [] []
[2024-04-06 03:17:18] merlin-logger.DEBUG: The welcome step has been displayed [] []
[2024-04-06 03:19:56] merlin-logger.DEBUG: The welcome step has been displayed [] []
[2024-04-06 03:20:00] merlin-logger.DEBUG: The license activation step has been displayed [] []
[2024-04-06 03:20:00] merlin-logger.DEBUG: The plugin installation step has been displayed [] []
[2024-04-06 03:20:13] merlin-logger.DEBUG: The welcome step has been displayed [] []
[2024-04-06 03:23:36] merlin-logger.DEBUG: The welcome step has been displayed [] []
[2024-04-06 03:23:39] merlin-logger.DEBUG: The license activation step has been displayed [] []
[2024-04-06 03:23:40] merlin-logger.DEBUG: The plugin installation step has been displayed [] []
[2024-04-06 03:23:42] merlin-logger.DEBUG: A plugin with the following data will be processed {"plugin_slug":"hub-core","message":"Installing"} []
[2024-04-06 03:23:54] merlin-logger.DEBUG: A plugin with the following data will be processed {"plugin_slug":"hub-core","message":"Activating"} []
[2024-04-06 03:23:54] merlin-logger.DEBUG: A plugin with the following data was processed {"plugin_slug":"hub-core"} []
[2024-04-06 03:23:54] merlin-logger.DEBUG: A plugin with the following data will be processed {"plugin_slug":"hub-portfolio","message":"Installing"} []
[2024-04-06 03:23:56] merlin-logger.DEBUG: A plugin with the following data will be processed {"plugin_slug":"hub-portfolio","message":"Activating"} []
[2024-04-06 03:23:56] merlin-logger.DEBUG: A plugin with the following data was processed {"plugin_slug":"hub-portfolio"} []
[2024-04-06 03:23:57] merlin-logger.DEBUG: A plugin with the following data will be processed {"plugin_slug":"hub-elementor-addons","message":"Installing"} []
[2024-04-06 03:24:15] merlin-logger.DEBUG: The plugin installation step has been displayed [] []
[2024-04-06 03:24:19] merlin-logger.DEBUG: A plugin with the following data will be processed {"plugin_slug":"hub-core","message":"Installing"} []
[2024-04-06 03:24:33] merlin-logger.DEBUG: A plugin with the following data was processed {"plugin_slug":"hub-core"} []
[2024-04-06 03:24:33] merlin-logger.DEBUG: A plugin with the following data will be processed {"plugin_slug":"hub-portfolio","message":"Installing"} []
[2024-04-06 03:24:35] merlin-logger.DEBUG: A plugin with the following data was processed {"plugin_slug":"hub-portfolio"} []
[2024-04-06 03:24:35] merlin-logger.DEBUG: A plugin with the following data will be processed {"plugin_slug":"elementor","message":"Installing"} []
[2024-04-06 03:25:00] merlin-logger.DEBUG: A plugin with the following data was processed {"plugin_slug":"elementor"} []
[2024-04-06 03:25:00] merlin-logger.DEBUG: A plugin with the following data will be processed {"plugin_slug":"hub-elementor-addons","message":"Activating"} []
[2024-04-06 03:25:01] merlin-logger.DEBUG: A plugin with the following data was processed {"plugin_slug":"hub-elementor-addons"} []
[2024-04-06 03:25:02] merlin-logger.DEBUG: A plugin with the following data will be processed {"plugin_slug":"contact-form-7","message":"Installing"} []
[2024-04-06 03:25:08] merlin-logger.DEBUG: A plugin with the following data was processed {"plugin_slug":"contact-form-7"} []
[2024-04-06 03:25:12] merlin-logger.DEBUG: The content import step has been displayed [] []
[2024-04-06 03:25:35] merlin-logger.DEBUG: The Hello world post status was set to draft [] []
[2024-04-06 03:25:36] merlin-logger.DEBUG: The Hello world post status was set to draft [] []
[2024-04-06 03:27:10] merlin-logger.DEBUG: The final step has been displayed [] []
